

Microchip Technology PIC18 LITE Macro Assembler V2.00 build -1524193055 
                                                                                               Thu Nov 15 15:47:23 2018

Microchip Technology Omniscient Code Generator v2.00 (Free mode) build 20180527130849
     1  0000                     
     2                           ; Version 2.00
     3                           ; Generated 27/05/2018 GMT
     4                           
     5                           ; 
     6                           ; Copyright © 2018, Microchip Technology Inc. and its subsidiaries ("Microchip")
     7                           ; All rights reserved.
     8                           ; 
     9                           ; This software is developed by Microchip Technology Inc. and its subsidiaries ("Microch
                                 ip").
    10                           ; 
    11                           ; Redistribution and use in source and binary forms, with or without modification, are
    12                           ; permitted provided that the following conditions are met:
    13                           ; 
    14                           ;     1. Redistributions of source code must retain the above copyright notice, this lis
                                 t of
    15                           ;        conditions and the following disclaimer.
    16                           ; 
    17                           ;     2. Redistributions in binary form must reproduce the above copyright notice, this 
                                 list
    18                           ;        of conditions and the following disclaimer in the documentation and/or other
    19                           ;        materials provided with the distribution.
    20                           ; 
    21                           ;     3. Microchip's name may not be used to endorse or promote products derived from th
                                 is
    22                           ;        software without specific prior written permission.
    23                           ; 
    24                           ; THIS SOFTWARE IS PROVIDED BY MICROCHIP "AS IS" AND ANY EXPRESS OR IMPLIED WARRANTIES,

    25                           ; INCLUDING, BUT NOT LIMITED TO, THE IMPLIED WARRANTIES OF MERCHANTABILITY AND FITNESS F
                                 OR
    26                           ; PURPOSE ARE DISCLAIMED.  IN NO EVENT SHALL MICROCHIP BE LIABLE FOR ANY DIRECT, INDIREC
                                 T,
    27                           ; INCIDENTAL, SPECIAL, EXEMPLARY, OR CONSEQUENTIAL DAMAGES (INCLUDING BUT NOT LIMITED TO
                                 
    28                           ; PROCUREMENT OF SUBSTITUTE GOODS OR SERVICES; LOSS OF USE, DATA OR PROFITS; OR BUSINESS
                                 
    29                           ; INTERRUPTION) HOWSOEVER CAUSED AND ON ANY THEORY OF LIABILITY, WHETHER IN CONTRACT, ST
                                 RICT
    30                           ; LIABILITY, OR TORT (INCLUDING NEGLIGENCE OR OTHERWISE) ARISING IN ANY WAY OUT OF THE U
                                 SE OF
    31                           ; THIS SOFTWARE, EVEN IF ADVISED OF THE POSSIBILITY OF SUCH DAMAGE.
    32                           ; 
    33                           
    34                           
    35                           ; 
    36                           ; Code-generator required, PIC18F25K22 Definitions
    37                           ; 
    38  0000                     fsr0 equ 0FE9h
    39  0000                     fsr0h equ 0FEAh
    40  0000                     fsr0l equ 0FE9h
    41  0000                     fsr1 equ 0FE1h
    42  0000                     fsr1h equ 0FE2h
    43  0000                     fsr1l equ 0FE1h
    44  0000                     fsr2 equ 0FD9h
    45  0000                     fsr2h equ 0FDAh
    46  0000                     fsr2l equ 0FD9h
    47  0000                     indf0 equ 0FEFh
    48  0000                     indf1 equ 0FE7h
    49  0000                     indf2 equ 0FDFh
    50  0000                     intcon equ 0FF2h
    51  0000                     nvmcon equ 00h
    52  0000                     pcl equ 0FF9h
    53  0000                     pclath equ 0FFAh
    54  0000                     pclatu equ 0FFBh
    55  0000                     plusw0 equ 0FEBh
    56  0000                     plusw1 equ 0FE3h
    57  0000                     plusw2 equ 0FDBh
    58  0000                     postdec0 equ 0FEDh
    59  0000                     postdec1 equ 0FE5h
    60  0000                     postdec2 equ 0FDDh
    61  0000                     postinc0 equ 0FEEh
    62  0000                     postinc1 equ 0FE6h
    63  0000                     postinc2 equ 0FDEh
    64  0000                     preinc0 equ 0FECh
    65  0000                     preinc1 equ 0FE4h
    66  0000                     preinc2 equ 0FDCh
    67  0000                     prod equ 0FF3h
    68  0000                     prodh equ 0FF4h
    69  0000                     prodl equ 0FF3h
    70  0000                     status equ 0FD8h
    71  0000                     tablat equ 0FF5h
    72  0000                     tblptr equ 0FF6h
    73  0000                     tblptrh equ 0FF7h
    74  0000                     tblptrl equ 0FF6h
    75  0000                     tblptru equ 0FF8h
    76  0000                     tosl equ 0FFDh
    77  0000                     wreg equ 0FE8h
    78  0000                     
     2                           opt pagewidth 120
     3  0000                     byte0	macro	val
     4                           	(getbyte(val,0))
     5                           endm
     6  0000                     byte1	macro	val
     7                           	(getbyte(val,1))
     8                           endm
     9  0000                     byte2	macro	val
    10                           	(getbyte(val,2))
    11                           endm
    12  0000                     byte3	macro	val
    13                           	(getbyte(val,3))
    14                           endm
    15  0000                     byte4	macro	val
    16                           	(getbyte(val,4))
    17                           endm
    18  0000                     byte5	macro	val
    19                           	(getbyte(val,5))
    20                           endm
    21  0000                     byte6	macro	val
    22                           	(getbyte(val,6))
    23                           endm
    24  0000                     byte7	macro	val
    25                           	(getbyte(val,7))
    26                           endm
    27  0000                     getword	macro	val,pos
    28                           	(((val) >> (8 * pos)) and 0xffff)
    29                           endm
    30  0000                     word0	macro	val
    31                           	(getword(val,0))
    32                           endm
    33  0000                     word1	macro	val
    34                           	(getword(val,2))
    35                           endm
    36  0000                     word2	macro	val
    37                           	(getword(val,4))
    38                           endm
    39  0000                     word3	macro	val
    40                           	(getword(val,6))
    41                           endm
    42  0000                     gettword	macro	val,pos
    43                           	(((val) >> (8 * pos)) and 0xffffff)
    44                           endm
    45  0000                     tword0	macro	val
    46                           	(gettword(val,0))
    47                           endm
    48  0000                     tword1	macro	val
    49                           	(gettword(val,3))
    50                           endm
    51  0000                     tword2	macro	val
    52                           	(gettword(val,6))
    53                           endm
    54  0000                     getdword	macro	val,pos
    55                           	(((val) >> (8 * pos)) and 0xffffffff)
    56                           endm
    57  0000                     dword0	macro	val
    58                           	(getdword(val,0))
    59                           endm
    60  0000                     dword1	macro	val
    61                           	(getdword(val,4))
    62                           endm
    63  0000                     clrc   macro
    64                           	bcf	status,0
    65                           endm
    66  0000                     setc   macro
    67                           	bsf	status,0
    68                           endm
    69  0000                     clrz   macro
    70                           	bcf	status,2
    71                           endm
    72  0000                     setz   macro
    73                           	bsf	status,2
    74                           endm
    75  0000                     skipnz macro
    76                           	btfsc	status,2
    77                           endm
    78  0000                     skipz  macro
    79                           	btfss	status,2
    80                           endm
    81  0000                     skipnc macro
    82                           	btfsc	status,0
    83                           endm
    84  0000                     skipc  macro
    85                           	btfss	status,0
    86                           endm
    87  0000                     pushw macro
    88                           	movwf postinc1
    89                           endm
    90  0000                     pushf macro arg1
    91                           	movff arg1, postinc1
    92                           endm
    93  0000                     popw macro
    94                           	movf postdec1,f
    95                           	movf indf1,w
    96                           endm
    97  0000                     popf macro arg1
    98                           	movf postdec1,f
    99                           	movff indf1,arg1
   100                           endm
   101  0000                     popfc macro arg1
   102                           	movff plusw1,arg1
   103                           	decfsz fsr1,f
   104                           endm
   105  0000                     	global	__ramtop
   106                           	global	__accesstop
   107                           # 54 "C:\Program Files (x86)\Microchip\xc8\v2.00\pic\include\pic18f25k22.h"
   108                           ANSELA equ 0F38h ;# 
   109  0000                     # 99 "C:\Program Files (x86)\Microchip\xc8\v2.00\pic\include\pic18f25k22.h"
   110                           ANSELB equ 0F39h ;# 
   111  0000                     # 149 "C:\Program Files (x86)\Microchip\xc8\v2.00\pic\include\pic18f25k22.h"
   112                           ANSELC equ 0F3Ah ;# 
   113  0000                     # 200 "C:\Program Files (x86)\Microchip\xc8\v2.00\pic\include\pic18f25k22.h"
   114                           PMD2 equ 0F3Dh ;# 
   115  0000                     # 238 "C:\Program Files (x86)\Microchip\xc8\v2.00\pic\include\pic18f25k22.h"
   116                           PMD1 equ 0F3Eh ;# 
   117  0000                     # 303 "C:\Program Files (x86)\Microchip\xc8\v2.00\pic\include\pic18f25k22.h"
   118                           PMD0 equ 0F3Fh ;# 
   119  0000                     # 380 "C:\Program Files (x86)\Microchip\xc8\v2.00\pic\include\pic18f25k22.h"
   120                           VREFCON2 equ 0F40h ;# 
   121  0000                     # 385 "C:\Program Files (x86)\Microchip\xc8\v2.00\pic\include\pic18f25k22.h"
   122                           DACCON1 equ 0F40h ;# 
   123  0000                     # 482 "C:\Program Files (x86)\Microchip\xc8\v2.00\pic\include\pic18f25k22.h"
   124                           VREFCON1 equ 0F41h ;# 
   125  0000                     # 487 "C:\Program Files (x86)\Microchip\xc8\v2.00\pic\include\pic18f25k22.h"
   126                           DACCON0 equ 0F41h ;# 
   127  0000                     # 602 "C:\Program Files (x86)\Microchip\xc8\v2.00\pic\include\pic18f25k22.h"
   128                           VREFCON0 equ 0F42h ;# 
   129  0000                     # 607 "C:\Program Files (x86)\Microchip\xc8\v2.00\pic\include\pic18f25k22.h"
   130                           FVRCON equ 0F42h ;# 
   131  0000                     # 696 "C:\Program Files (x86)\Microchip\xc8\v2.00\pic\include\pic18f25k22.h"
   132                           CTMUICON equ 0F43h ;# 
   133  0000                     # 701 "C:\Program Files (x86)\Microchip\xc8\v2.00\pic\include\pic18f25k22.h"
   134                           CTMUICONH equ 0F43h ;# 
   135  0000                     # 846 "C:\Program Files (x86)\Microchip\xc8\v2.00\pic\include\pic18f25k22.h"
   136                           CTMUCONL equ 0F44h ;# 
   137  0000                     # 851 "C:\Program Files (x86)\Microchip\xc8\v2.00\pic\include\pic18f25k22.h"
   138                           CTMUCON1 equ 0F44h ;# 
   139  0000                     # 1000 "C:\Program Files (x86)\Microchip\xc8\v2.00\pic\include\pic18f25k22.h"
   140                           CTMUCONH equ 0F45h ;# 
   141  0000                     # 1005 "C:\Program Files (x86)\Microchip\xc8\v2.00\pic\include\pic18f25k22.h"
   142                           CTMUCON0 equ 0F45h ;# 
   143  0000                     # 1112 "C:\Program Files (x86)\Microchip\xc8\v2.00\pic\include\pic18f25k22.h"
   144                           SRCON1 equ 0F46h ;# 
   145  0000                     # 1174 "C:\Program Files (x86)\Microchip\xc8\v2.00\pic\include\pic18f25k22.h"
   146                           SRCON0 equ 0F47h ;# 
   147  0000                     # 1245 "C:\Program Files (x86)\Microchip\xc8\v2.00\pic\include\pic18f25k22.h"
   148                           CCPTMRS1 equ 0F48h ;# 
   149  0000                     # 1297 "C:\Program Files (x86)\Microchip\xc8\v2.00\pic\include\pic18f25k22.h"
   150                           CCPTMRS0 equ 0F49h ;# 
   151  0000                     # 1371 "C:\Program Files (x86)\Microchip\xc8\v2.00\pic\include\pic18f25k22.h"
   152                           T6CON equ 0F4Ah ;# 
   153  0000                     # 1442 "C:\Program Files (x86)\Microchip\xc8\v2.00\pic\include\pic18f25k22.h"
   154                           PR6 equ 0F4Bh ;# 
   155  0000                     # 1462 "C:\Program Files (x86)\Microchip\xc8\v2.00\pic\include\pic18f25k22.h"
   156                           TMR6 equ 0F4Ch ;# 
   157  0000                     # 1482 "C:\Program Files (x86)\Microchip\xc8\v2.00\pic\include\pic18f25k22.h"
   158                           T5GCON equ 0F4Dh ;# 
   159  0000                     # 1577 "C:\Program Files (x86)\Microchip\xc8\v2.00\pic\include\pic18f25k22.h"
   160                           T5CON equ 0F4Eh ;# 
   161  0000                     # 1686 "C:\Program Files (x86)\Microchip\xc8\v2.00\pic\include\pic18f25k22.h"
   162                           TMR5 equ 0F4Fh ;# 
   163  0000                     # 1693 "C:\Program Files (x86)\Microchip\xc8\v2.00\pic\include\pic18f25k22.h"
   164                           TMR5L equ 0F4Fh ;# 
   165  0000                     # 1713 "C:\Program Files (x86)\Microchip\xc8\v2.00\pic\include\pic18f25k22.h"
   166                           TMR5H equ 0F50h ;# 
   167  0000                     # 1733 "C:\Program Files (x86)\Microchip\xc8\v2.00\pic\include\pic18f25k22.h"
   168                           T4CON equ 0F51h ;# 
   169  0000                     # 1804 "C:\Program Files (x86)\Microchip\xc8\v2.00\pic\include\pic18f25k22.h"
   170                           PR4 equ 0F52h ;# 
   171  0000                     # 1824 "C:\Program Files (x86)\Microchip\xc8\v2.00\pic\include\pic18f25k22.h"
   172                           TMR4 equ 0F53h ;# 
   173  0000                     # 1844 "C:\Program Files (x86)\Microchip\xc8\v2.00\pic\include\pic18f25k22.h"
   174                           CCP5CON equ 0F54h ;# 
   175  0000                     # 1908 "C:\Program Files (x86)\Microchip\xc8\v2.00\pic\include\pic18f25k22.h"
   176                           CCPR5 equ 0F55h ;# 
   177  0000                     # 1915 "C:\Program Files (x86)\Microchip\xc8\v2.00\pic\include\pic18f25k22.h"
   178                           CCPR5L equ 0F55h ;# 
   179  0000                     # 1935 "C:\Program Files (x86)\Microchip\xc8\v2.00\pic\include\pic18f25k22.h"
   180                           CCPR5H equ 0F56h ;# 
   181  0000                     # 1955 "C:\Program Files (x86)\Microchip\xc8\v2.00\pic\include\pic18f25k22.h"
   182                           CCP4CON equ 0F57h ;# 
   183  0000                     # 2019 "C:\Program Files (x86)\Microchip\xc8\v2.00\pic\include\pic18f25k22.h"
   184                           CCPR4 equ 0F58h ;# 
   185  0000                     # 2026 "C:\Program Files (x86)\Microchip\xc8\v2.00\pic\include\pic18f25k22.h"
   186                           CCPR4L equ 0F58h ;# 
   187  0000                     # 2046 "C:\Program Files (x86)\Microchip\xc8\v2.00\pic\include\pic18f25k22.h"
   188                           CCPR4H equ 0F59h ;# 
   189  0000                     # 2066 "C:\Program Files (x86)\Microchip\xc8\v2.00\pic\include\pic18f25k22.h"
   190                           PSTR3CON equ 0F5Ah ;# 
   191  0000                     # 2142 "C:\Program Files (x86)\Microchip\xc8\v2.00\pic\include\pic18f25k22.h"
   192                           ECCP3AS equ 0F5Bh ;# 
   193  0000                     # 2147 "C:\Program Files (x86)\Microchip\xc8\v2.00\pic\include\pic18f25k22.h"
   194                           CCP3AS equ 0F5Bh ;# 
   195  0000                     # 2384 "C:\Program Files (x86)\Microchip\xc8\v2.00\pic\include\pic18f25k22.h"
   196                           PWM3CON equ 0F5Ch ;# 
   197  0000                     # 2454 "C:\Program Files (x86)\Microchip\xc8\v2.00\pic\include\pic18f25k22.h"
   198                           CCP3CON equ 0F5Dh ;# 
   199  0000                     # 2536 "C:\Program Files (x86)\Microchip\xc8\v2.00\pic\include\pic18f25k22.h"
   200                           CCPR3 equ 0F5Eh ;# 
   201  0000                     # 2543 "C:\Program Files (x86)\Microchip\xc8\v2.00\pic\include\pic18f25k22.h"
   202                           CCPR3L equ 0F5Eh ;# 
   203  0000                     # 2563 "C:\Program Files (x86)\Microchip\xc8\v2.00\pic\include\pic18f25k22.h"
   204                           CCPR3H equ 0F5Fh ;# 
   205  0000                     # 2583 "C:\Program Files (x86)\Microchip\xc8\v2.00\pic\include\pic18f25k22.h"
   206                           SLRCON equ 0F60h ;# 
   207  0000                     # 2615 "C:\Program Files (x86)\Microchip\xc8\v2.00\pic\include\pic18f25k22.h"
   208                           WPUB equ 0F61h ;# 
   209  0000                     # 2677 "C:\Program Files (x86)\Microchip\xc8\v2.00\pic\include\pic18f25k22.h"
   210                           IOCB equ 0F62h ;# 
   211  0000                     # 2716 "C:\Program Files (x86)\Microchip\xc8\v2.00\pic\include\pic18f25k22.h"
   212                           PSTR2CON equ 0F63h ;# 
   213  0000                     # 2856 "C:\Program Files (x86)\Microchip\xc8\v2.00\pic\include\pic18f25k22.h"
   214                           ECCP2AS equ 0F64h ;# 
   215  0000                     # 2861 "C:\Program Files (x86)\Microchip\xc8\v2.00\pic\include\pic18f25k22.h"
   216                           CCP2AS equ 0F64h ;# 
   217  0000                     # 3098 "C:\Program Files (x86)\Microchip\xc8\v2.00\pic\include\pic18f25k22.h"
   218                           PWM2CON equ 0F65h ;# 
   219  0000                     # 3168 "C:\Program Files (x86)\Microchip\xc8\v2.00\pic\include\pic18f25k22.h"
   220                           CCP2CON equ 0F66h ;# 
   221  0000                     # 3250 "C:\Program Files (x86)\Microchip\xc8\v2.00\pic\include\pic18f25k22.h"
   222                           CCPR2 equ 0F67h ;# 
   223  0000                     # 3257 "C:\Program Files (x86)\Microchip\xc8\v2.00\pic\include\pic18f25k22.h"
   224                           CCPR2L equ 0F67h ;# 
   225  0000                     # 3277 "C:\Program Files (x86)\Microchip\xc8\v2.00\pic\include\pic18f25k22.h"
   226                           CCPR2H equ 0F68h ;# 
   227  0000                     # 3297 "C:\Program Files (x86)\Microchip\xc8\v2.00\pic\include\pic18f25k22.h"
   228                           SSP2CON3 equ 0F69h ;# 
   229  0000                     # 3359 "C:\Program Files (x86)\Microchip\xc8\v2.00\pic\include\pic18f25k22.h"
   230                           SSP2MSK equ 0F6Ah ;# 
   231  0000                     # 3429 "C:\Program Files (x86)\Microchip\xc8\v2.00\pic\include\pic18f25k22.h"
   232                           SSP2CON2 equ 0F6Bh ;# 
   233  0000                     # 3574 "C:\Program Files (x86)\Microchip\xc8\v2.00\pic\include\pic18f25k22.h"
   234                           SSP2CON1 equ 0F6Ch ;# 
   235  0000                     # 3694 "C:\Program Files (x86)\Microchip\xc8\v2.00\pic\include\pic18f25k22.h"
   236                           SSP2STAT equ 0F6Dh ;# 
   237  0000                     # 4094 "C:\Program Files (x86)\Microchip\xc8\v2.00\pic\include\pic18f25k22.h"
   238                           SSP2ADD equ 0F6Eh ;# 
   239  0000                     # 4164 "C:\Program Files (x86)\Microchip\xc8\v2.00\pic\include\pic18f25k22.h"
   240                           SSP2BUF equ 0F6Fh ;# 
   241  0000                     # 4184 "C:\Program Files (x86)\Microchip\xc8\v2.00\pic\include\pic18f25k22.h"
   242                           BAUDCON2 equ 0F70h ;# 
   243  0000                     # 4189 "C:\Program Files (x86)\Microchip\xc8\v2.00\pic\include\pic18f25k22.h"
   244                           BAUD2CON equ 0F70h ;# 
   245  0000                     # 4446 "C:\Program Files (x86)\Microchip\xc8\v2.00\pic\include\pic18f25k22.h"
   246                           RCSTA2 equ 0F71h ;# 
   247  0000                     # 4451 "C:\Program Files (x86)\Microchip\xc8\v2.00\pic\include\pic18f25k22.h"
   248                           RC2STA equ 0F71h ;# 
   249  0000                     # 4734 "C:\Program Files (x86)\Microchip\xc8\v2.00\pic\include\pic18f25k22.h"
   250                           TXSTA2 equ 0F72h ;# 
   251  0000                     # 4739 "C:\Program Files (x86)\Microchip\xc8\v2.00\pic\include\pic18f25k22.h"
   252                           TX2STA equ 0F72h ;# 
   253  0000                     # 4986 "C:\Program Files (x86)\Microchip\xc8\v2.00\pic\include\pic18f25k22.h"
   254                           TXREG2 equ 0F73h ;# 
   255  0000                     # 4991 "C:\Program Files (x86)\Microchip\xc8\v2.00\pic\include\pic18f25k22.h"
   256                           TX2REG equ 0F73h ;# 
   257  0000                     # 5024 "C:\Program Files (x86)\Microchip\xc8\v2.00\pic\include\pic18f25k22.h"
   258                           RCREG2 equ 0F74h ;# 
   259  0000                     # 5029 "C:\Program Files (x86)\Microchip\xc8\v2.00\pic\include\pic18f25k22.h"
   260                           RC2REG equ 0F74h ;# 
   261  0000                     # 5062 "C:\Program Files (x86)\Microchip\xc8\v2.00\pic\include\pic18f25k22.h"
   262                           SPBRG2 equ 0F75h ;# 
   263  0000                     # 5067 "C:\Program Files (x86)\Microchip\xc8\v2.00\pic\include\pic18f25k22.h"
   264                           SP2BRG equ 0F75h ;# 
   265  0000                     # 5100 "C:\Program Files (x86)\Microchip\xc8\v2.00\pic\include\pic18f25k22.h"
   266                           SPBRGH2 equ 0F76h ;# 
   267  0000                     # 5105 "C:\Program Files (x86)\Microchip\xc8\v2.00\pic\include\pic18f25k22.h"
   268                           SP2BRGH equ 0F76h ;# 
   269  0000                     # 5138 "C:\Program Files (x86)\Microchip\xc8\v2.00\pic\include\pic18f25k22.h"
   270                           CM2CON1 equ 0F77h ;# 
   271  0000                     # 5143 "C:\Program Files (x86)\Microchip\xc8\v2.00\pic\include\pic18f25k22.h"
   272                           CM12CON equ 0F77h ;# 
   273  0000                     # 5260 "C:\Program Files (x86)\Microchip\xc8\v2.00\pic\include\pic18f25k22.h"
   274                           CM2CON0 equ 0F78h ;# 
   275  0000                     # 5265 "C:\Program Files (x86)\Microchip\xc8\v2.00\pic\include\pic18f25k22.h"
   276                           CM2CON equ 0F78h ;# 
   277  0000                     # 5540 "C:\Program Files (x86)\Microchip\xc8\v2.00\pic\include\pic18f25k22.h"
   278                           CM1CON0 equ 0F79h ;# 
   279  0000                     # 5545 "C:\Program Files (x86)\Microchip\xc8\v2.00\pic\include\pic18f25k22.h"
   280                           CM1CON equ 0F79h ;# 
   281  0000                     # 5962 "C:\Program Files (x86)\Microchip\xc8\v2.00\pic\include\pic18f25k22.h"
   282                           PIE4 equ 0F7Ah ;# 
   283  0000                     # 5994 "C:\Program Files (x86)\Microchip\xc8\v2.00\pic\include\pic18f25k22.h"
   284                           PIR4 equ 0F7Bh ;# 
   285  0000                     # 6026 "C:\Program Files (x86)\Microchip\xc8\v2.00\pic\include\pic18f25k22.h"
   286                           IPR4 equ 0F7Ch ;# 
   287  0000                     # 6066 "C:\Program Files (x86)\Microchip\xc8\v2.00\pic\include\pic18f25k22.h"
   288                           PIE5 equ 0F7Dh ;# 
   289  0000                     # 6098 "C:\Program Files (x86)\Microchip\xc8\v2.00\pic\include\pic18f25k22.h"
   290                           PIR5 equ 0F7Eh ;# 
   291  0000                     # 6130 "C:\Program Files (x86)\Microchip\xc8\v2.00\pic\include\pic18f25k22.h"
   292                           IPR5 equ 0F7Fh ;# 
   293  0000                     # 6176 "C:\Program Files (x86)\Microchip\xc8\v2.00\pic\include\pic18f25k22.h"
   294                           PORTA equ 0F80h ;# 
   295  0000                     # 6467 "C:\Program Files (x86)\Microchip\xc8\v2.00\pic\include\pic18f25k22.h"
   296                           PORTB equ 0F81h ;# 
   297  0000                     # 6840 "C:\Program Files (x86)\Microchip\xc8\v2.00\pic\include\pic18f25k22.h"
   298                           PORTC equ 0F82h ;# 
   299  0000                     # 7171 "C:\Program Files (x86)\Microchip\xc8\v2.00\pic\include\pic18f25k22.h"
   300                           PORTE equ 0F84h ;# 
   301  0000                     # 7246 "C:\Program Files (x86)\Microchip\xc8\v2.00\pic\include\pic18f25k22.h"
   302                           LATA equ 0F89h ;# 
   303  0000                     # 7358 "C:\Program Files (x86)\Microchip\xc8\v2.00\pic\include\pic18f25k22.h"
   304                           LATB equ 0F8Ah ;# 
   305  0000                     # 7470 "C:\Program Files (x86)\Microchip\xc8\v2.00\pic\include\pic18f25k22.h"
   306                           LATC equ 0F8Bh ;# 
   307  0000                     # 7582 "C:\Program Files (x86)\Microchip\xc8\v2.00\pic\include\pic18f25k22.h"
   308                           TRISA equ 0F92h ;# 
   309  0000                     # 7587 "C:\Program Files (x86)\Microchip\xc8\v2.00\pic\include\pic18f25k22.h"
   310                           DDRA equ 0F92h ;# 
   311  0000                     # 7804 "C:\Program Files (x86)\Microchip\xc8\v2.00\pic\include\pic18f25k22.h"
   312                           TRISB equ 0F93h ;# 
   313  0000                     # 7809 "C:\Program Files (x86)\Microchip\xc8\v2.00\pic\include\pic18f25k22.h"
   314                           DDRB equ 0F93h ;# 
   315  0000                     # 8026 "C:\Program Files (x86)\Microchip\xc8\v2.00\pic\include\pic18f25k22.h"
   316                           TRISC equ 0F94h ;# 
   317  0000                     # 8031 "C:\Program Files (x86)\Microchip\xc8\v2.00\pic\include\pic18f25k22.h"
   318                           DDRC equ 0F94h ;# 
   319  0000                     # 8248 "C:\Program Files (x86)\Microchip\xc8\v2.00\pic\include\pic18f25k22.h"
   320                           TRISE equ 0F96h ;# 
   321  0000                     # 8269 "C:\Program Files (x86)\Microchip\xc8\v2.00\pic\include\pic18f25k22.h"
   322                           OSCTUNE equ 0F9Bh ;# 
   323  0000                     # 8339 "C:\Program Files (x86)\Microchip\xc8\v2.00\pic\include\pic18f25k22.h"
   324                           HLVDCON equ 0F9Ch ;# 
   325  0000                     # 8344 "C:\Program Files (x86)\Microchip\xc8\v2.00\pic\include\pic18f25k22.h"
   326                           LVDCON equ 0F9Ch ;# 
   327  0000                     # 8619 "C:\Program Files (x86)\Microchip\xc8\v2.00\pic\include\pic18f25k22.h"
   328                           PIE1 equ 0F9Dh ;# 
   329  0000                     # 8696 "C:\Program Files (x86)\Microchip\xc8\v2.00\pic\include\pic18f25k22.h"
   330                           PIR1 equ 0F9Eh ;# 
   331  0000                     # 8773 "C:\Program Files (x86)\Microchip\xc8\v2.00\pic\include\pic18f25k22.h"
   332                           IPR1 equ 0F9Fh ;# 
   333  0000                     # 8850 "C:\Program Files (x86)\Microchip\xc8\v2.00\pic\include\pic18f25k22.h"
   334                           PIE2 equ 0FA0h ;# 
   335  0000                     # 8936 "C:\Program Files (x86)\Microchip\xc8\v2.00\pic\include\pic18f25k22.h"
   336                           PIR2 equ 0FA1h ;# 
   337  0000                     # 9022 "C:\Program Files (x86)\Microchip\xc8\v2.00\pic\include\pic18f25k22.h"
   338                           IPR2 equ 0FA2h ;# 
   339  0000                     # 9108 "C:\Program Files (x86)\Microchip\xc8\v2.00\pic\include\pic18f25k22.h"
   340                           PIE3 equ 0FA3h ;# 
   341  0000                     # 9218 "C:\Program Files (x86)\Microchip\xc8\v2.00\pic\include\pic18f25k22.h"
   342                           PIR3 equ 0FA4h ;# 
   343  0000                     # 9296 "C:\Program Files (x86)\Microchip\xc8\v2.00\pic\include\pic18f25k22.h"
   344                           IPR3 equ 0FA5h ;# 
   345  0000                     # 9374 "C:\Program Files (x86)\Microchip\xc8\v2.00\pic\include\pic18f25k22.h"
   346                           EECON1 equ 0FA6h ;# 
   347  0000                     # 9440 "C:\Program Files (x86)\Microchip\xc8\v2.00\pic\include\pic18f25k22.h"
   348                           EECON2 equ 0FA7h ;# 
   349  0000                     # 9460 "C:\Program Files (x86)\Microchip\xc8\v2.00\pic\include\pic18f25k22.h"
   350                           EEDATA equ 0FA8h ;# 
   351  0000                     # 9480 "C:\Program Files (x86)\Microchip\xc8\v2.00\pic\include\pic18f25k22.h"
   352                           EEADR equ 0FA9h ;# 
   353  0000                     # 9550 "C:\Program Files (x86)\Microchip\xc8\v2.00\pic\include\pic18f25k22.h"
   354                           RCSTA1 equ 0FABh ;# 
   355  0000                     # 9555 "C:\Program Files (x86)\Microchip\xc8\v2.00\pic\include\pic18f25k22.h"
   356                           RCSTA equ 0FABh ;# 
   357  0000                     # 9559 "C:\Program Files (x86)\Microchip\xc8\v2.00\pic\include\pic18f25k22.h"
   358                           RC1STA equ 0FABh ;# 
   359  0000                     # 10006 "C:\Program Files (x86)\Microchip\xc8\v2.00\pic\include\pic18f25k22.h"
   360                           TXSTA1 equ 0FACh ;# 
   361  0000                     # 10011 "C:\Program Files (x86)\Microchip\xc8\v2.00\pic\include\pic18f25k22.h"
   362                           TXSTA equ 0FACh ;# 
   363  0000                     # 10015 "C:\Program Files (x86)\Microchip\xc8\v2.00\pic\include\pic18f25k22.h"
   364                           TX1STA equ 0FACh ;# 
   365  0000                     # 10381 "C:\Program Files (x86)\Microchip\xc8\v2.00\pic\include\pic18f25k22.h"
   366                           TXREG1 equ 0FADh ;# 
   367  0000                     # 10386 "C:\Program Files (x86)\Microchip\xc8\v2.00\pic\include\pic18f25k22.h"
   368                           TXREG equ 0FADh ;# 
   369  0000                     # 10390 "C:\Program Files (x86)\Microchip\xc8\v2.00\pic\include\pic18f25k22.h"
   370                           TX1REG equ 0FADh ;# 
   371  0000                     # 10459 "C:\Program Files (x86)\Microchip\xc8\v2.00\pic\include\pic18f25k22.h"
   372                           RCREG1 equ 0FAEh ;# 
   373  0000                     # 10464 "C:\Program Files (x86)\Microchip\xc8\v2.00\pic\include\pic18f25k22.h"
   374                           RCREG equ 0FAEh ;# 
   375  0000                     # 10468 "C:\Program Files (x86)\Microchip\xc8\v2.00\pic\include\pic18f25k22.h"
   376                           RC1REG equ 0FAEh ;# 
   377  0000                     # 10537 "C:\Program Files (x86)\Microchip\xc8\v2.00\pic\include\pic18f25k22.h"
   378                           SPBRG1 equ 0FAFh ;# 
   379  0000                     # 10542 "C:\Program Files (x86)\Microchip\xc8\v2.00\pic\include\pic18f25k22.h"
   380                           SPBRG equ 0FAFh ;# 
   381  0000                     # 10546 "C:\Program Files (x86)\Microchip\xc8\v2.00\pic\include\pic18f25k22.h"
   382                           SP1BRG equ 0FAFh ;# 
   383  0000                     # 10615 "C:\Program Files (x86)\Microchip\xc8\v2.00\pic\include\pic18f25k22.h"
   384                           SPBRGH1 equ 0FB0h ;# 
   385  0000                     # 10620 "C:\Program Files (x86)\Microchip\xc8\v2.00\pic\include\pic18f25k22.h"
   386                           SPBRGH equ 0FB0h ;# 
   387  0000                     # 10624 "C:\Program Files (x86)\Microchip\xc8\v2.00\pic\include\pic18f25k22.h"
   388                           SP1BRGH equ 0FB0h ;# 
   389  0000                     # 10693 "C:\Program Files (x86)\Microchip\xc8\v2.00\pic\include\pic18f25k22.h"
   390                           T3CON equ 0FB1h ;# 
   391  0000                     # 10801 "C:\Program Files (x86)\Microchip\xc8\v2.00\pic\include\pic18f25k22.h"
   392                           TMR3 equ 0FB2h ;# 
   393  0000                     # 10808 "C:\Program Files (x86)\Microchip\xc8\v2.00\pic\include\pic18f25k22.h"
   394                           TMR3L equ 0FB2h ;# 
   395  0000                     # 10828 "C:\Program Files (x86)\Microchip\xc8\v2.00\pic\include\pic18f25k22.h"
   396                           TMR3H equ 0FB3h ;# 
   397  0000                     # 10848 "C:\Program Files (x86)\Microchip\xc8\v2.00\pic\include\pic18f25k22.h"
   398                           T3GCON equ 0FB4h ;# 
   399  0000                     # 10943 "C:\Program Files (x86)\Microchip\xc8\v2.00\pic\include\pic18f25k22.h"
   400                           ECCP1AS equ 0FB6h ;# 
   401  0000                     # 10948 "C:\Program Files (x86)\Microchip\xc8\v2.00\pic\include\pic18f25k22.h"
   402                           ECCPAS equ 0FB6h ;# 
   403  0000                     # 11325 "C:\Program Files (x86)\Microchip\xc8\v2.00\pic\include\pic18f25k22.h"
   404                           PWM1CON equ 0FB7h ;# 
   405  0000                     # 11330 "C:\Program Files (x86)\Microchip\xc8\v2.00\pic\include\pic18f25k22.h"
   406                           PWMCON equ 0FB7h ;# 
   407  0000                     # 11579 "C:\Program Files (x86)\Microchip\xc8\v2.00\pic\include\pic18f25k22.h"
   408                           BAUDCON1 equ 0FB8h ;# 
   409  0000                     # 11584 "C:\Program Files (x86)\Microchip\xc8\v2.00\pic\include\pic18f25k22.h"
   410                           BAUDCON equ 0FB8h ;# 
   411  0000                     # 11588 "C:\Program Files (x86)\Microchip\xc8\v2.00\pic\include\pic18f25k22.h"
   412                           BAUDCTL equ 0FB8h ;# 
   413  0000                     # 11592 "C:\Program Files (x86)\Microchip\xc8\v2.00\pic\include\pic18f25k22.h"
   414                           BAUD1CON equ 0FB8h ;# 
   415  0000                     # 12253 "C:\Program Files (x86)\Microchip\xc8\v2.00\pic\include\pic18f25k22.h"
   416                           PSTR1CON equ 0FB9h ;# 
   417  0000                     # 12258 "C:\Program Files (x86)\Microchip\xc8\v2.00\pic\include\pic18f25k22.h"
   418                           PSTRCON equ 0FB9h ;# 
   419  0000                     # 12403 "C:\Program Files (x86)\Microchip\xc8\v2.00\pic\include\pic18f25k22.h"
   420                           T2CON equ 0FBAh ;# 
   421  0000                     # 12474 "C:\Program Files (x86)\Microchip\xc8\v2.00\pic\include\pic18f25k22.h"
   422                           PR2 equ 0FBBh ;# 
   423  0000                     # 12494 "C:\Program Files (x86)\Microchip\xc8\v2.00\pic\include\pic18f25k22.h"
   424                           TMR2 equ 0FBCh ;# 
   425  0000                     # 12514 "C:\Program Files (x86)\Microchip\xc8\v2.00\pic\include\pic18f25k22.h"
   426                           CCP1CON equ 0FBDh ;# 
   427  0000                     # 12596 "C:\Program Files (x86)\Microchip\xc8\v2.00\pic\include\pic18f25k22.h"
   428                           CCPR1 equ 0FBEh ;# 
   429  0000                     # 12603 "C:\Program Files (x86)\Microchip\xc8\v2.00\pic\include\pic18f25k22.h"
   430                           CCPR1L equ 0FBEh ;# 
   431  0000                     # 12623 "C:\Program Files (x86)\Microchip\xc8\v2.00\pic\include\pic18f25k22.h"
   432                           CCPR1H equ 0FBFh ;# 
   433  0000                     # 12643 "C:\Program Files (x86)\Microchip\xc8\v2.00\pic\include\pic18f25k22.h"
   434                           ADCON2 equ 0FC0h ;# 
   435  0000                     # 12714 "C:\Program Files (x86)\Microchip\xc8\v2.00\pic\include\pic18f25k22.h"
   436                           ADCON1 equ 0FC1h ;# 
   437  0000                     # 12782 "C:\Program Files (x86)\Microchip\xc8\v2.00\pic\include\pic18f25k22.h"
   438                           ADCON0 equ 0FC2h ;# 
   439  0000                     # 12907 "C:\Program Files (x86)\Microchip\xc8\v2.00\pic\include\pic18f25k22.h"
   440                           ADRES equ 0FC3h ;# 
   441  0000                     # 12914 "C:\Program Files (x86)\Microchip\xc8\v2.00\pic\include\pic18f25k22.h"
   442                           ADRESL equ 0FC3h ;# 
   443  0000                     # 12934 "C:\Program Files (x86)\Microchip\xc8\v2.00\pic\include\pic18f25k22.h"
   444                           ADRESH equ 0FC4h ;# 
   445  0000                     # 12954 "C:\Program Files (x86)\Microchip\xc8\v2.00\pic\include\pic18f25k22.h"
   446                           SSP1CON2 equ 0FC5h ;# 
   447  0000                     # 12959 "C:\Program Files (x86)\Microchip\xc8\v2.00\pic\include\pic18f25k22.h"
   448                           SSPCON2 equ 0FC5h ;# 
   449  0000                     # 13308 "C:\Program Files (x86)\Microchip\xc8\v2.00\pic\include\pic18f25k22.h"
   450                           SSP1CON1 equ 0FC6h ;# 
   451  0000                     # 13313 "C:\Program Files (x86)\Microchip\xc8\v2.00\pic\include\pic18f25k22.h"
   452                           SSPCON1 equ 0FC6h ;# 
   453  0000                     # 13546 "C:\Program Files (x86)\Microchip\xc8\v2.00\pic\include\pic18f25k22.h"
   454                           SSP1STAT equ 0FC7h ;# 
   455  0000                     # 13551 "C:\Program Files (x86)\Microchip\xc8\v2.00\pic\include\pic18f25k22.h"
   456                           SSPSTAT equ 0FC7h ;# 
   457  0000                     # 14176 "C:\Program Files (x86)\Microchip\xc8\v2.00\pic\include\pic18f25k22.h"
   458                           SSP1ADD equ 0FC8h ;# 
   459  0000                     # 14181 "C:\Program Files (x86)\Microchip\xc8\v2.00\pic\include\pic18f25k22.h"
   460                           SSPADD equ 0FC8h ;# 
   461  0000                     # 14430 "C:\Program Files (x86)\Microchip\xc8\v2.00\pic\include\pic18f25k22.h"
   462                           SSP1BUF equ 0FC9h ;# 
   463  0000                     # 14435 "C:\Program Files (x86)\Microchip\xc8\v2.00\pic\include\pic18f25k22.h"
   464                           SSPBUF equ 0FC9h ;# 
   465  0000                     # 14484 "C:\Program Files (x86)\Microchip\xc8\v2.00\pic\include\pic18f25k22.h"
   466                           SSP1MSK equ 0FCAh ;# 
   467  0000                     # 14489 "C:\Program Files (x86)\Microchip\xc8\v2.00\pic\include\pic18f25k22.h"
   468                           SSPMSK equ 0FCAh ;# 
   469  0000                     # 14622 "C:\Program Files (x86)\Microchip\xc8\v2.00\pic\include\pic18f25k22.h"
   470                           SSP1CON3 equ 0FCBh ;# 
   471  0000                     # 14627 "C:\Program Files (x86)\Microchip\xc8\v2.00\pic\include\pic18f25k22.h"
   472                           SSPCON3 equ 0FCBh ;# 
   473  0000                     # 14744 "C:\Program Files (x86)\Microchip\xc8\v2.00\pic\include\pic18f25k22.h"
   474                           T1GCON equ 0FCCh ;# 
   475  0000                     # 14839 "C:\Program Files (x86)\Microchip\xc8\v2.00\pic\include\pic18f25k22.h"
   476                           T1CON equ 0FCDh ;# 
   477  0000                     # 14952 "C:\Program Files (x86)\Microchip\xc8\v2.00\pic\include\pic18f25k22.h"
   478                           TMR1 equ 0FCEh ;# 
   479  0000                     # 14959 "C:\Program Files (x86)\Microchip\xc8\v2.00\pic\include\pic18f25k22.h"
   480                           TMR1L equ 0FCEh ;# 
   481  0000                     # 14979 "C:\Program Files (x86)\Microchip\xc8\v2.00\pic\include\pic18f25k22.h"
   482                           TMR1H equ 0FCFh ;# 
   483  0000                     # 14999 "C:\Program Files (x86)\Microchip\xc8\v2.00\pic\include\pic18f25k22.h"
   484                           RCON equ 0FD0h ;# 
   485  0000                     # 15132 "C:\Program Files (x86)\Microchip\xc8\v2.00\pic\include\pic18f25k22.h"
   486                           WDTCON equ 0FD1h ;# 
   487  0000                     # 15160 "C:\Program Files (x86)\Microchip\xc8\v2.00\pic\include\pic18f25k22.h"
   488                           OSCCON2 equ 0FD2h ;# 
   489  0000                     # 15217 "C:\Program Files (x86)\Microchip\xc8\v2.00\pic\include\pic18f25k22.h"
   490                           OSCCON equ 0FD3h ;# 
   491  0000                     # 15300 "C:\Program Files (x86)\Microchip\xc8\v2.00\pic\include\pic18f25k22.h"
   492                           T0CON equ 0FD5h ;# 
   493  0000                     # 15370 "C:\Program Files (x86)\Microchip\xc8\v2.00\pic\include\pic18f25k22.h"
   494                           TMR0 equ 0FD6h ;# 
   495  0000                     # 15377 "C:\Program Files (x86)\Microchip\xc8\v2.00\pic\include\pic18f25k22.h"
   496                           TMR0L equ 0FD6h ;# 
   497  0000                     # 15397 "C:\Program Files (x86)\Microchip\xc8\v2.00\pic\include\pic18f25k22.h"
   498                           TMR0H equ 0FD7h ;# 
   499  0000                     # 15417 "C:\Program Files (x86)\Microchip\xc8\v2.00\pic\include\pic18f25k22.h"
   500                           STATUS equ 0FD8h ;# 
   501  0000                     # 15488 "C:\Program Files (x86)\Microchip\xc8\v2.00\pic\include\pic18f25k22.h"
   502                           FSR2 equ 0FD9h ;# 
   503  0000                     # 15495 "C:\Program Files (x86)\Microchip\xc8\v2.00\pic\include\pic18f25k22.h"
   504                           FSR2L equ 0FD9h ;# 
   505  0000                     # 15515 "C:\Program Files (x86)\Microchip\xc8\v2.00\pic\include\pic18f25k22.h"
   506                           FSR2H equ 0FDAh ;# 
   507  0000                     # 15522 "C:\Program Files (x86)\Microchip\xc8\v2.00\pic\include\pic18f25k22.h"
   508                           PLUSW2 equ 0FDBh ;# 
   509  0000                     # 15542 "C:\Program Files (x86)\Microchip\xc8\v2.00\pic\include\pic18f25k22.h"
   510                           PREINC2 equ 0FDCh ;# 
   511  0000                     # 15562 "C:\Program Files (x86)\Microchip\xc8\v2.00\pic\include\pic18f25k22.h"
   512                           POSTDEC2 equ 0FDDh ;# 
   513  0000                     # 15582 "C:\Program Files (x86)\Microchip\xc8\v2.00\pic\include\pic18f25k22.h"
   514                           POSTINC2 equ 0FDEh ;# 
   515  0000                     # 15602 "C:\Program Files (x86)\Microchip\xc8\v2.00\pic\include\pic18f25k22.h"
   516                           INDF2 equ 0FDFh ;# 
   517  0000                     # 15622 "C:\Program Files (x86)\Microchip\xc8\v2.00\pic\include\pic18f25k22.h"
   518                           BSR equ 0FE0h ;# 
   519  0000                     # 15629 "C:\Program Files (x86)\Microchip\xc8\v2.00\pic\include\pic18f25k22.h"
   520                           FSR1 equ 0FE1h ;# 
   521  0000                     # 15636 "C:\Program Files (x86)\Microchip\xc8\v2.00\pic\include\pic18f25k22.h"
   522                           FSR1L equ 0FE1h ;# 
   523  0000                     # 15656 "C:\Program Files (x86)\Microchip\xc8\v2.00\pic\include\pic18f25k22.h"
   524                           FSR1H equ 0FE2h ;# 
   525  0000                     # 15663 "C:\Program Files (x86)\Microchip\xc8\v2.00\pic\include\pic18f25k22.h"
   526                           PLUSW1 equ 0FE3h ;# 
   527  0000                     # 15683 "C:\Program Files (x86)\Microchip\xc8\v2.00\pic\include\pic18f25k22.h"
   528                           PREINC1 equ 0FE4h ;# 
   529  0000                     # 15703 "C:\Program Files (x86)\Microchip\xc8\v2.00\pic\include\pic18f25k22.h"
   530                           POSTDEC1 equ 0FE5h ;# 
   531  0000                     # 15723 "C:\Program Files (x86)\Microchip\xc8\v2.00\pic\include\pic18f25k22.h"
   532                           POSTINC1 equ 0FE6h ;# 
   533  0000                     # 15743 "C:\Program Files (x86)\Microchip\xc8\v2.00\pic\include\pic18f25k22.h"
   534                           INDF1 equ 0FE7h ;# 
   535  0000                     # 15763 "C:\Program Files (x86)\Microchip\xc8\v2.00\pic\include\pic18f25k22.h"
   536                           WREG equ 0FE8h ;# 
   537  0000                     # 15801 "C:\Program Files (x86)\Microchip\xc8\v2.00\pic\include\pic18f25k22.h"
   538                           FSR0 equ 0FE9h ;# 
   539  0000                     # 15808 "C:\Program Files (x86)\Microchip\xc8\v2.00\pic\include\pic18f25k22.h"
   540                           FSR0L equ 0FE9h ;# 
   541  0000                     # 15828 "C:\Program Files (x86)\Microchip\xc8\v2.00\pic\include\pic18f25k22.h"
   542                           FSR0H equ 0FEAh ;# 
   543  0000                     # 15835 "C:\Program Files (x86)\Microchip\xc8\v2.00\pic\include\pic18f25k22.h"
   544                           PLUSW0 equ 0FEBh ;# 
   545  0000                     # 15855 "C:\Program Files (x86)\Microchip\xc8\v2.00\pic\include\pic18f25k22.h"
   546                           PREINC0 equ 0FECh ;# 
   547  0000                     # 15875 "C:\Program Files (x86)\Microchip\xc8\v2.00\pic\include\pic18f25k22.h"
   548                           POSTDEC0 equ 0FEDh ;# 
   549  0000                     # 15895 "C:\Program Files (x86)\Microchip\xc8\v2.00\pic\include\pic18f25k22.h"
   550                           POSTINC0 equ 0FEEh ;# 
   551  0000                     # 15915 "C:\Program Files (x86)\Microchip\xc8\v2.00\pic\include\pic18f25k22.h"
   552                           INDF0 equ 0FEFh ;# 
   553  0000                     # 15935 "C:\Program Files (x86)\Microchip\xc8\v2.00\pic\include\pic18f25k22.h"
   554                           INTCON3 equ 0FF0h ;# 
   555  0000                     # 16027 "C:\Program Files (x86)\Microchip\xc8\v2.00\pic\include\pic18f25k22.h"
   556                           INTCON2 equ 0FF1h ;# 
   557  0000                     # 16097 "C:\Program Files (x86)\Microchip\xc8\v2.00\pic\include\pic18f25k22.h"
   558                           INTCON equ 0FF2h ;# 
   559  0000                     # 16214 "C:\Program Files (x86)\Microchip\xc8\v2.00\pic\include\pic18f25k22.h"
   560                           PROD equ 0FF3h ;# 
   561  0000                     # 16221 "C:\Program Files (x86)\Microchip\xc8\v2.00\pic\include\pic18f25k22.h"
   562                           PRODL equ 0FF3h ;# 
   563  0000                     # 16241 "C:\Program Files (x86)\Microchip\xc8\v2.00\pic\include\pic18f25k22.h"
   564                           PRODH equ 0FF4h ;# 
   565  0000                     # 16261 "C:\Program Files (x86)\Microchip\xc8\v2.00\pic\include\pic18f25k22.h"
   566                           TABLAT equ 0FF5h ;# 
   567  0000                     # 16283 "C:\Program Files (x86)\Microchip\xc8\v2.00\pic\include\pic18f25k22.h"
   568                           TBLPTR equ 0FF6h ;# 
   569  0000                     # 16290 "C:\Program Files (x86)\Microchip\xc8\v2.00\pic\include\pic18f25k22.h"
   570                           TBLPTRL equ 0FF6h ;# 
   571  0000                     # 16310 "C:\Program Files (x86)\Microchip\xc8\v2.00\pic\include\pic18f25k22.h"
   572                           TBLPTRH equ 0FF7h ;# 
   573  0000                     # 16330 "C:\Program Files (x86)\Microchip\xc8\v2.00\pic\include\pic18f25k22.h"
   574                           TBLPTRU equ 0FF8h ;# 
   575  0000                     # 16361 "C:\Program Files (x86)\Microchip\xc8\v2.00\pic\include\pic18f25k22.h"
   576                           PCLAT equ 0FF9h ;# 
   577  0000                     # 16368 "C:\Program Files (x86)\Microchip\xc8\v2.00\pic\include\pic18f25k22.h"
   578                           PC equ 0FF9h ;# 
   579  0000                     # 16375 "C:\Program Files (x86)\Microchip\xc8\v2.00\pic\include\pic18f25k22.h"
   580                           PCL equ 0FF9h ;# 
   581  0000                     # 16395 "C:\Program Files (x86)\Microchip\xc8\v2.00\pic\include\pic18f25k22.h"
   582                           PCLATH equ 0FFAh ;# 
   583  0000                     # 16415 "C:\Program Files (x86)\Microchip\xc8\v2.00\pic\include\pic18f25k22.h"
   584                           PCLATU equ 0FFBh ;# 
   585  0000                     # 16422 "C:\Program Files (x86)\Microchip\xc8\v2.00\pic\include\pic18f25k22.h"
   586                           STKPTR equ 0FFCh ;# 
   587  0000                     # 16528 "C:\Program Files (x86)\Microchip\xc8\v2.00\pic\include\pic18f25k22.h"
   588                           TOS equ 0FFDh ;# 
   589  0000                     # 16535 "C:\Program Files (x86)\Microchip\xc8\v2.00\pic\include\pic18f25k22.h"
   590                           TOSL equ 0FFDh ;# 
   591  0000                     # 16555 "C:\Program Files (x86)\Microchip\xc8\v2.00\pic\include\pic18f25k22.h"
   592                           TOSH equ 0FFEh ;# 
   593  0000                     # 16575 "C:\Program Files (x86)\Microchip\xc8\v2.00\pic\include\pic18f25k22.h"
   594                           TOSU equ 0FFFh ;# 
   595  0000                     	FNROOT	_main
   596                           	global	_ANSELC
   597                           _ANSELC	set	0xF3A
   598  0000                     	global	_ANSELB
   599                           _ANSELB	set	0xF39
   600  0000                     	global	_ANSELA
   601                           _ANSELA	set	0xF38
   602  0000                     	global	_LATBbits
   603                           _LATBbits	set	0xF8A
   604  0000                     	global	_LATCbits
   605                           _LATCbits	set	0xF8B
   606  0000                     	global	_TRISBbits
   607                           _TRISBbits	set	0xF93
   608  0000                     	global	_TRISCbits
   609                           _TRISCbits	set	0xF94
   610  0000                     ; #config settings
   611                           global __CFG_FOSC$INTIO67
   612                           __CFG_FOSC$INTIO67 equ 0x0
   613  0000                     global __CFG_PLLCFG$OFF
   614                           __CFG_PLLCFG$OFF equ 0x0
   615  0000                     global __CFG_PRICLKEN$OFF
   616                           __CFG_PRICLKEN$OFF equ 0x0
   617  0000                     global __CFG_FCMEN$OFF
   618                           __CFG_FCMEN$OFF equ 0x0
   619  0000                     global __CFG_IESO$OFF
   620                           __CFG_IESO$OFF equ 0x0
   621  0000                     global __CFG_PWRTEN$OFF
   622                           __CFG_PWRTEN$OFF equ 0x0
   623  0000                     global __CFG_BOREN$SBORDIS
   624                           __CFG_BOREN$SBORDIS equ 0x0
   625  0000                     global __CFG_BORV$190
   626                           __CFG_BORV$190 equ 0x0
   627  0000                     global __CFG_WDTEN$OFF
   628                           __CFG_WDTEN$OFF equ 0x0
   629  0000                     global __CFG_WDTPS$32768
   630                           __CFG_WDTPS$32768 equ 0x0
   631  0000                     global __CFG_CCP2MX$PORTC1
   632                           __CFG_CCP2MX$PORTC1 equ 0x0
   633  0000                     global __CFG_PBADEN$ON
   634                           __CFG_PBADEN$ON equ 0x0
   635  0000                     global __CFG_CCP3MX$PORTB5
   636                           __CFG_CCP3MX$PORTB5 equ 0x0
   637  0000                     global __CFG_HFOFST$ON
   638                           __CFG_HFOFST$ON equ 0x0
   639  0000                     global __CFG_T3CMX$PORTC0
   640                           __CFG_T3CMX$PORTC0 equ 0x0
   641  0000                     global __CFG_P2BMX$PORTB5
   642                           __CFG_P2BMX$PORTB5 equ 0x0
   643  0000                     global __CFG_MCLRE$EXTMCLR
   644                           __CFG_MCLRE$EXTMCLR equ 0x0
   645  0000                     global __CFG_STVREN$ON
   646                           __CFG_STVREN$ON equ 0x0
   647  0000                     global __CFG_LVP$OFF
   648                           __CFG_LVP$OFF equ 0x0
   649  0000                     global __CFG_XINST$OFF
   650                           __CFG_XINST$OFF equ 0x0
   651  0000                     global __CFG_DEBUG$OFF
   652                           __CFG_DEBUG$OFF equ 0x0
   653  0000                     global __CFG_CP0$OFF
   654                           __CFG_CP0$OFF equ 0x0
   655  0000                     global __CFG_CP1$OFF
   656                           __CFG_CP1$OFF equ 0x0
   657  0000                     global __CFG_CP2$OFF
   658                           __CFG_CP2$OFF equ 0x0
   659  0000                     global __CFG_CP3$OFF
   660                           __CFG_CP3$OFF equ 0x0
   661  0000                     global __CFG_CPB$OFF
   662                           __CFG_CPB$OFF equ 0x0
   663  0000                     global __CFG_CPD$OFF
   664                           __CFG_CPD$OFF equ 0x0
   665  0000                     global __CFG_WRT0$OFF
   666                           __CFG_WRT0$OFF equ 0x0
   667  0000                     global __CFG_WRT1$OFF
   668                           __CFG_WRT1$OFF equ 0x0
   669  0000                     global __CFG_WRT2$OFF
   670                           __CFG_WRT2$OFF equ 0x0
   671  0000                     global __CFG_WRT3$OFF
   672                           __CFG_WRT3$OFF equ 0x0
   673  0000                     global __CFG_WRTC$OFF
   674                           __CFG_WRTC$OFF equ 0x0
   675  0000                     global __CFG_WRTB$OFF
   676                           __CFG_WRTB$OFF equ 0x0
   677  0000                     global __CFG_WRTD$OFF
   678                           __CFG_WRTD$OFF equ 0x0
   679  0000                     global __CFG_EBTR0$OFF
   680                           __CFG_EBTR0$OFF equ 0x0
   681  0000                     global __CFG_EBTR1$OFF
   682                           __CFG_EBTR1$OFF equ 0x0
   683  0000                     global __CFG_EBTR2$OFF
   684                           __CFG_EBTR2$OFF equ 0x0
   685  0000                     global __CFG_EBTR3$OFF
   686                           __CFG_EBTR3$OFF equ 0x0
   687  0000                     global __CFG_EBTRB$OFF
   688                           __CFG_EBTRB$OFF equ 0x0
   689  0000                     	file	"C:\Users\zachc\AppData\Local\Temp\si3c."
   690                           	line	#
   691                           psect	cinit,class=CODE,delta=1,reloc=2
   692                           global __pcinit
   693                           __pcinit:
   694  007F30                     global start_initialization
   695                           start_initialization:
   696  007F30                     
   697                           global __initialization
   698                           __initialization:
   699  007F30                     psect cinit,class=CODE,delta=1
   700                           global end_of_initialization,__end_of__initialization
   701                           
   702                           ;End of C runtime variable initialization code
   703                           
   704                           end_of_initialization:
   705  007F30                     __end_of__initialization:
   706  007F30                     movlb 0
   707  007F30  0100               goto _main	;jump to C main() function
   708  007F32  EF9B  F03F         psect	cstackCOMRAM,class=COMRAM,space=1,noexec
   709                           global __pcstackCOMRAM
   710                           __pcstackCOMRAM:
   711  000001                     ?_main:	; 1 bytes @ 0x0
   712  000001                     ??_main:	; 1 bytes @ 0x0
   713  000001                     	ds   1
   714  000001                     	global	main@inx
   715                           main@inx:	; 2 bytes @ 0x1
   716  000002                     	ds   2
   717  000002                     ;!
   718                           ;!Data Sizes:
   719                           ;!    Strings     0
   720                           ;!    Constant    0
   721                           ;!    Data        0
   722                           ;!    BSS         0
   723                           ;!    Persistent  0
   724                           ;!    Stack       0
   725                           ;!
   726                           ;!Auto Spaces:
   727                           ;!    Space          Size  Autos    Used
   728                           ;!    COMRAM           95      3       3
   729                           ;!    BANK0           160      0       0
   730                           ;!    BANK1           256      0       0
   731                           ;!    BANK2           256      0       0
   732                           ;!    BANK3           256      0       0
   733                           ;!    BANK4           256      0       0
   734                           ;!    BANK5           256      0       0
   735                           
   736                           ;!
   737                           ;!Pointer List with Targets:
   738                           ;!
   739                           ;!    None.
   740                           
   741                           
   742                           ;!
   743                           ;!Critical Paths under _main in COMRAM
   744                           ;!
   745                           ;!    None.
   746                           ;!
   747                           ;!Critical Paths under _main in BANK0
   748                           ;!
   749                           ;!    None.
   750                           ;!
   751                           ;!Critical Paths under _main in BANK1
   752                           ;!
   753                           ;!    None.
   754                           ;!
   755                           ;!Critical Paths under _main in BANK2
   756                           ;!
   757                           ;!    None.
   758                           ;!
   759                           ;!Critical Paths under _main in BANK3
   760                           ;!
   761                           ;!    None.
   762                           ;!
   763                           ;!Critical Paths under _main in BANK4
   764                           ;!
   765                           ;!    None.
   766                           ;!
   767                           ;!Critical Paths under _main in BANK5
   768                           ;!
   769                           ;!    None.
   770                           
   771 ;;
   772 ;;Main: autosize = 0, tempsize = 1, incstack = 0, save=0
   773 ;;
   774                           
   775                           ;!
   776                           ;!Call Graph Tables:
   777                           ;!
   778                           ;! ---------------------------------------------------------------------------------
   779                           ;! (Depth) Function   	        Calls       Base Space   Used Autos Params    Refs
   780                           ;! ---------------------------------------------------------------------------------
   781                           ;! (0) _main                                                 3     3      0      30
   782                           ;!                                              0 COMRAM     3     3      0
   783                           ;! ---------------------------------------------------------------------------------
   784                           ;! Estimated maximum stack depth 0
   785                           ;! ---------------------------------------------------------------------------------
   786                           ;!
   787                           ;! Call Graph Graphs:
   788                           ;!
   789                           ;! _main (ROOT)
   790                           ;!
   791                           
   792                           ;! Address spaces:
   793                           
   794                           ;!Name               Size   Autos  Total    Cost      Usage
   795                           ;!BITCOMRAM           5F      0       0       0        0.0%
   796                           ;!EEDATA             100      0       0       0        0.0%
   797                           ;!NULL                 0      0       0       0        0.0%
   798                           ;!CODE                 0      0       0       0        0.0%
   799                           ;!COMRAM              5F      3       3       1        3.2%
   800                           ;!STACK                0      0       0       2        0.0%
   801                           ;!BITBANK0            A0      0       0       3        0.0%
   802                           ;!BANK0               A0      0       0       4        0.0%
   803                           ;!BITBANK1           100      0       0       5        0.0%
   804                           ;!BANK1              100      0       0       6        0.0%
   805                           ;!BITBANK2           100      0       0       7        0.0%
   806                           ;!BANK2              100      0       0       8        0.0%
   807                           ;!ABS                  0      0       0       9        0.0%
   808                           ;!BITBANK3           100      0       0      10        0.0%
   809                           ;!BANK3              100      0       0      11        0.0%
   810                           ;!BITBANK4           100      0       0      12        0.0%
   811                           ;!BANK4              100      0       0      13        0.0%
   812                           ;!BITBANK5           100      0       0      14        0.0%
   813                           ;!BANK5              100      0       0      15        0.0%
   814                           ;!BIGRAM             5FF      0       0      16        0.0%
   815                           ;!DATA                 0      0       0      17        0.0%
   816                           ;!BITSFR_1             0      0       0     200        0.0%
   817                           ;!SFR_1                0      0       0     200        0.0%
   818                           ;!BITSFR               0      0       0     200        0.0%
   819                           ;!SFR                  0      0       0     200        0.0%
   820                           
   821                           	global	_main
   822                           
   823 ;; *************** function _main *****************
   824 ;; Defined at:
   825 ;;		line 22 in file "newmain.c"
   826 ;; Parameters:    Size  Location     Type
   827 ;;		None
   828 ;; Auto vars:     Size  Location     Type
   829 ;;  inx             2    1[COMRAM] int 
   830 ;; Return value:  Size  Location     Type
   831 ;;                  1    wreg      void 
   832 ;; Registers used:
   833 ;;		wreg, status,2, status,0
   834 ;; Tracked objects:
   835 ;;		On entry : 0/0
   836 ;;		On exit  : 0/0
   837 ;;		Unchanged: 0/0
   838 ;; Data sizes:     COMRAM   BANK0   BANK1   BANK2   BANK3   BANK4   BANK5
   839 ;;      Params:         0       0       0       0       0       0       0
   840 ;;      Locals:         2       0       0       0       0       0       0
   841 ;;      Temps:          1       0       0       0       0       0       0
   842 ;;      Totals:         3       0       0       0       0       0       0
   843 ;;Total ram usage:        3 bytes
   844 ;; This function calls:
   845 ;;		Nothing
   846 ;; This function is called by:
   847 ;;		Startup code after reset
   848 ;; This function uses a non-reentrant model
   849 ;;
   850                           psect	text0,class=CODE,space=0,reloc=2,group=0
   851                           	file	"newmain.c"
   852                           	line	22
   853                           global __ptext0
   854                           __ptext0:
   855  007F36                     psect	text0
   856                           	file	"newmain.c"
   857                           	line	22
   858                           	global	__size_of_main
   859                           	__size_of_main	equ	__end_of_main-_main
   860  0000                     	
   861                           _main:
   862  007F36                     ;incstack = 0
   863                           	opt	stack 31
   864                           	line	24
   865                           	
   866                           l699:
   867  007F36                     ;newmain.c: 24:     ANSELA = 0b00000000;
   868                           	movlw	low(0)
   869  007F36  0E00               	movlb	15	; () banked
   870  007F38  010F               	movwf	((3896))&0ffh	;volatile
   871  007F3A  6F38               	line	25
   872                           ;newmain.c: 25:     ANSELB = 0b00000000;
   873                           	movlw	low(0)
   874  007F3C  0E00               	movwf	((3897))&0ffh	;volatile
   875  007F3E  6F39               	line	26
   876                           ;newmain.c: 26:     ANSELC = 0b00000000;
   877                           	movlw	low(0)
   878  007F40  0E00               	movwf	((3898))&0ffh	;volatile
   879  007F42  6F3A               	line	28
   880                           	
   881                           l701:; BSR set to: 15
   882  007F44                     
   883                           ;newmain.c: 28:     TRISCbits.RC3 = 0b0;
   884                           	bcf	((c:3988)),c,3	;volatile
   885  007F44  9694               	line	29
   886                           	
   887                           l703:; BSR set to: 15
   888  007F46                     
   889                           ;newmain.c: 29:     TRISBbits.RB1 = 0b0;
   890                           	bcf	((c:3987)),c,1	;volatile
   891  007F46  9293               	line	32
   892                           	
   893                           l705:; BSR set to: 15
   894  007F48                     
   895                           ;newmain.c: 32:     TRISCbits.RC5 = 0b0;
   896                           	bcf	((c:3988)),c,5	;volatile
   897  007F48  9A94               	line	33
   898                           	
   899                           l707:; BSR set to: 15
   900  007F4A                     
   901                           ;newmain.c: 33:     TRISCbits.RC4 = 0b0;
   902                           	bcf	((c:3988)),c,4	;volatile
   903  007F4A  9894               	line	34
   904                           	
   905                           l709:; BSR set to: 15
   906  007F4C                     
   907                           ;newmain.c: 34:     LATCbits.LATC5 = 0b1;
   908                           	bsf	((c:3979)),c,5	;volatile
   909  007F4C  8A8B               	line	35
   910                           	
   911                           l711:; BSR set to: 15
   912  007F4E                     
   913                           ;newmain.c: 35:     LATCbits.LATC4 = 0b1;
   914                           	bsf	((c:3979)),c,4	;volatile
   915  007F4E  888B               	line	40
   916                           	
   917                           l713:; BSR set to: 15
   918  007F50                     
   919                           ;newmain.c: 40:     LATBbits.LATB1 = 0b1;
   920                           	bsf	((c:3978)),c,1	;volatile
   921  007F50  828A               	line	41
   922                           	
   923                           l715:; BSR set to: 15
   924  007F52                     
   925                           ;newmain.c: 41:     LATCbits.LATC3 = 0b1;
   926                           	bsf	((c:3979)),c,3	;volatile
   927  007F52  868B               	line	47
   928                           ;newmain.c: 46:     int inx;;newmain.c: 47:     for( inx = 0; inx < 1000; inx++ )
   929                           	movlw	high(0)
   930  007F54  0E00               	movwf	((c:main@inx+1)),c
   931  007F56  6E03               	movlw	low(0)
   932  007F58  0E00               	movwf	((c:main@inx)),c
   933  007F5A  6E02               	
   934                           l717:; BSR set to: 15
   935  007F5C                     
   936                           	btfsc	((c:main@inx+1)),c,7
   937  007F5C  BE03               	goto	u11
   938  007F5E  EFBA  F03F         	movlw	232
   939  007F62  0EE8               	subwf	 ((c:main@inx)),c,w
   940  007F64  5C02               	movlw	3
   941  007F66  0E03               	subwfb	((c:main@inx+1)),c,w
   942  007F68  5803               	btfss	status,0
   943  007F6A  A0D8               	goto	u11
   944  007F6C  EFBA  F03F         	goto	u10
   945  007F70  EFBC  F03F         
   946                           u11:
   947  007F74                     	goto	l21
   948  007F74  EFC0  F03F         u10:
   949  007F78                     	goto	l23
   950  007F78  EFFE  F03F         	
   951                           l719:; BSR set to: 15
   952  007F7C                     
   953                           	goto	l23
   954  007F7C  EFFE  F03F         	
   955                           l21:
   956  007F80                     	line	49
   957                           ;newmain.c: 48:     {;newmain.c: 49:     LATCbits.LATC4 = 0b1;
   958                           	bsf	((c:3979)),c,4	;volatile
   959  007F80  888B               	line	50
   960                           ;newmain.c: 50:     LATCbits.LATC5 = 0b0;
   961                           	bcf	((c:3979)),c,5	;volatile
   962  007F82  9A8B               	line	52
   963                           ;newmain.c: 52:     LATBbits.LATB1 = 0b0;
   964                           	bcf	((c:3978)),c,1	;volatile
   965  007F84  928A               	line	53
   966                           	
   967                           l721:
   968  007F86                     ;newmain.c: 53:     _delay((unsigned long)((10)*(16000000/4000.0)));
   969                           	opt asmopt_push
   970                           opt asmopt_off
   971                           movlw	52
   972  007F86  0E34               movwf	(??_main+0+0)&0ffh,c,f
   973  007F88  6E01               	movlw	242
   974  007F8A  0EF2               u37:
   975  007F8C                     decfsz	wreg,f
   976  007F8C  2EE8               	bra	u37
   977  007F8E  D7FE               	decfsz	(??_main+0+0)&0ffh,c,f
   978  007F90  2E01               	bra	u37
   979  007F92  D7FC               opt asmopt_pop
   980                           
   981                           	line	54
   982                           	
   983                           l723:
   984  007F94                     ;newmain.c: 54:     LATBbits.LATB1 = 0b1;
   985                           	bsf	((c:3978)),c,1	;volatile
   986  007F94  828A               	line	55
   987                           ;newmain.c: 55:     _delay((unsigned long)((10)*(16000000/4000.0)));
   988                           	opt asmopt_push
   989                           opt asmopt_off
   990                           movlw	52
   991  007F96  0E34               movwf	(??_main+0+0)&0ffh,c,f
   992  007F98  6E01               	movlw	242
   993  007F9A  0EF2               u47:
   994  007F9C                     decfsz	wreg,f
   995  007F9C  2EE8               	bra	u47
   996  007F9E  D7FE               	decfsz	(??_main+0+0)&0ffh,c,f
   997  007FA0  2E01               	bra	u47
   998  007FA2  D7FC               opt asmopt_pop
   999                           
  1000                           	line	58
  1001                           	
  1002                           l725:
  1003  007FA4                     ;newmain.c: 58:     LATCbits.LATC3 = 0b0;
  1004                           	bcf	((c:3979)),c,3	;volatile
  1005  007FA4  968B               	line	59
  1006                           ;newmain.c: 59:  _delay((unsigned long)((10)*(16000000/4000.0)));
  1007                           	opt asmopt_push
  1008                           opt asmopt_off
  1009                           movlw	52
  1010  007FA6  0E34               movwf	(??_main+0+0)&0ffh,c,f
  1011  007FA8  6E01               	movlw	242
  1012  007FAA  0EF2               u57:
  1013  007FAC                     decfsz	wreg,f
  1014  007FAC  2EE8               	bra	u57
  1015  007FAE  D7FE               	decfsz	(??_main+0+0)&0ffh,c,f
  1016  007FB0  2E01               	bra	u57
  1017  007FB2  D7FC               opt asmopt_pop
  1018                           
  1019                           	line	60
  1020                           	
  1021                           l727:
  1022  007FB4                     ;newmain.c: 60:     LATCbits.LATC3 = 0b1;
  1023                           	bsf	((c:3979)),c,3	;volatile
  1024  007FB4  868B               	line	61
  1025                           ;newmain.c: 61:     _delay((unsigned long)((10)*(16000000/4000.0)));
  1026                           	opt asmopt_push
  1027                           opt asmopt_off
  1028                           movlw	52
  1029  007FB6  0E34               movwf	(??_main+0+0)&0ffh,c,f
  1030  007FB8  6E01               	movlw	242
  1031  007FBA  0EF2               u67:
  1032  007FBC                     decfsz	wreg,f
  1033  007FBC  2EE8               	bra	u67
  1034  007FBE  D7FE               	decfsz	(??_main+0+0)&0ffh,c,f
  1035  007FC0  2E01               	bra	u67
  1036  007FC2  D7FC               opt asmopt_pop
  1037                           
  1038                           	line	63
  1039                           	
  1040                           l729:
  1041  007FC4                     ;newmain.c: 63:     LATCbits.LATC4 = 0b0;
  1042                           	bcf	((c:3979)),c,4	;volatile
  1043  007FC4  988B               	line	64
  1044                           	
  1045                           l731:
  1046  007FC6                     ;newmain.c: 64:     LATCbits.LATC5 = 0b1;
  1047                           	bsf	((c:3979)),c,5	;volatile
  1048  007FC6  8A8B               	line	65
  1049                           ;newmain.c: 65:     _delay((unsigned long)((30)*(16000000/4000.0)));
  1050                           	opt asmopt_push
  1051                           opt asmopt_off
  1052                           movlw	156
  1053  007FC8  0E9C               movwf	(??_main+0+0)&0ffh,c,f
  1054  007FCA  6E01               	movlw	215
  1055  007FCC  0ED7               u77:
  1056  007FCE                     decfsz	wreg,f
  1057  007FCE  2EE8               	bra	u77
  1058  007FD0  D7FE               	decfsz	(??_main+0+0)&0ffh,c,f
  1059  007FD2  2E01               	bra	u77
  1060  007FD4  D7FC               	nop
  1061  007FD6  F000               opt asmopt_pop
  1062                           
  1063                           	line	68
  1064                           	
  1065                           l733:
  1066  007FD8                     ;newmain.c: 68:     }
  1067                           	infsnz	((c:main@inx)),c
  1068  007FD8  4A02               	incf	((c:main@inx+1)),c
  1069  007FDA  2A03               	btfsc	((c:main@inx+1)),c,7
  1070  007FDC  BE03               	goto	u21
  1071  007FDE  EFFA  F03F         	movlw	232
  1072  007FE2  0EE8               	subwf	 ((c:main@inx)),c,w
  1073  007FE4  5C02               	movlw	3
  1074  007FE6  0E03               	subwfb	((c:main@inx+1)),c,w
  1075  007FE8  5803               	btfss	status,0
  1076  007FEA  A0D8               	goto	u21
  1077  007FEC  EFFA  F03F         	goto	u20
  1078  007FF0  EFFC  F03F         
  1079                           u21:
  1080  007FF4                     	goto	l21
  1081  007FF4  EFC0  F03F         u20:
  1082  007FF8                     	goto	l23
  1083  007FF8  EFFE  F03F         	
  1084                           l22:
  1085  007FFC                     	line	73
  1086                           ;newmain.c: 72:     return;
  1087                           	
  1088                           l23:
  1089  007FFC                     	global	start
  1090                           	goto	start
  1091  007FFC  EF00  F000         	opt stack 0
  1092                           GLOBAL	__end_of_main
  1093                           	__end_of_main:
  1094  008000                     	signat	_main,89
  1095                           	GLOBAL	__activetblptr
  1096                           __activetblptr	EQU	0
  1097  0000                     	psect	intsave_regs,class=BIGRAM,space=1,noexec
  1098                           	PSECT	rparam,class=COMRAM,space=1,noexec
  1099                           	GLOBAL	__Lrparam
  1100                           	FNCONF	rparam,??,?
  1101                           	GLOBAL	___rparam_used
  1102                           	___rparam_used EQU 1
  1103  0000                     	GLOBAL	___param_bank
  1104                           	___param_bank EQU 0
  1105  0000                     GLOBAL	__Lparam, __Hparam
  1106                           GLOBAL	__Lrparam, __Hrparam
  1107                           __Lparam	EQU	__Lrparam
  1108  0000                     __Hparam	EQU	__Hrparam
  1109  0000                     	end


Data Sizes:
    Strings     0
    Constant    0
    Data        0
    BSS         0
    Persistent  0
    Stack       0

Auto Spaces:
    Space          Size  Autos    Used
    COMRAM           95      3       3
    BANK0           160      0       0
    BANK1           256      0       0
    BANK2           256      0       0
    BANK3           256      0       0
    BANK4           256      0       0
    BANK5           256      0       0

Pointer List with Targets:

    None.

Critical Paths under _main in COMRAM

    None.

Critical Paths under _main in BANK0

    None.

Critical Paths under _main in BANK1

    None.

Critical Paths under _main in BANK2

    None.

Critical Paths under _main in BANK3

    None.

Critical Paths under _main in BANK4

    None.

Critical Paths under _main in BANK5

    None.

Call Graph Tables:

 ---------------------------------------------------------------------------------
 (Depth) Function   	        Calls       Base Space   Used Autos Params    Refs
 ---------------------------------------------------------------------------------
 (0) _main                                                 3     3      0      30
                                              0 COMRAM     3     3      0
 ---------------------------------------------------------------------------------
 Estimated maximum stack depth 0
 ---------------------------------------------------------------------------------

 Call Graph Graphs:

 _main (ROOT)

 Address spaces:
Name               Size   Autos  Total    Cost      Usage
BITCOMRAM           5F      0       0       0        0.0%
EEDATA             100      0       0       0        0.0%
NULL                 0      0       0       0        0.0%
CODE                 0      0       0       0        0.0%
COMRAM              5F      3       3       1        3.2%
STACK                0      0       0       2        0.0%
BITBANK0            A0      0       0       3        0.0%
BANK0               A0      0       0       4        0.0%
BITBANK1           100      0       0       5        0.0%
BANK1              100      0       0       6        0.0%
BITBANK2           100      0       0       7        0.0%
BANK2              100      0       0       8        0.0%
ABS                  0      0       0       9        0.0%
BITBANK3           100      0       0      10        0.0%
BANK3              100      0       0      11        0.0%
BITBANK4           100      0       0      12        0.0%
BANK4              100      0       0      13        0.0%
BITBANK5           100      0       0      14        0.0%
BANK5              100      0       0      15        0.0%
BIGRAM             5FF      0       0      16        0.0%
DATA                 0      0       0      17        0.0%
BITSFR_1             0      0       0     200        0.0%
SFR_1                0      0       0     200        0.0%
BITSFR               0      0       0     200        0.0%
SFR                  0      0       0     200        0.0%


Microchip Technology PIC18 Macro Assembler V2.00 build -1524193055 
Symbol Table                                                                                   Thu Nov 15 15:47:23 2018

                     l21 7F80                       l22 7FFC                       l23 7FFC  
                     u10 7F78                       u11 7F74                       u20 7FF8  
                     u21 7FF4                       u37 7F8C                       u47 7F9C  
                     u57 7FAC                       u67 7FBC                       u77 7FCE  
           __CFG_CP0$OFF 000000             __CFG_CP1$OFF 000000             __CFG_CP2$OFF 000000  
           __CFG_CP3$OFF 000000                      l701 7F44                      l711 7F4E  
                    l703 7F46                      l721 7F86                      l713 7F50  
                    l705 7F48                      l731 7FC6                      l723 7F94  
                    l715 7F52                      l707 7F4A                      l733 7FD8  
                    l725 7FA4                      l717 7F5C                      l709 7F4C  
                    l727 7FB4                      l719 7F7C                      l729 7FC4  
                    l699 7F36             __CFG_CPB$OFF 000000             __CFG_CPD$OFF 000000  
                    wreg 000FE8             __CFG_LVP$OFF 000000                     _main 7F36  
          __CFG_BORV$190 000000                     start 0000            __CFG_IESO$OFF 000000  
           ___param_bank 000000                    ?_main 0001           __CFG_DEBUG$OFF 000000  
          __CFG_WRT0$OFF 000000            __CFG_WRT1$OFF 000000            __CFG_WRT2$OFF 000000  
          __CFG_WRT3$OFF 000000           __CFG_EBTR0$OFF 000000           __CFG_FCMEN$OFF 000000  
         __CFG_EBTR1$OFF 000000           __CFG_EBTR2$OFF 000000           __CFG_EBTR3$OFF 000000  
          __CFG_WRTB$OFF 000000            __CFG_WRTC$OFF 000000            __CFG_WRTD$OFF 000000  
         __CFG_EBTRB$OFF 000000       __CFG_MCLRE$EXTMCLR 000000                    status 000FD8  
         __CFG_HFOFST$ON 000000           __CFG_PBADEN$ON 000000          __initialization 7F30  
           __end_of_main 8000                   ??_main 0001            __activetblptr 000000  
                 _ANSELA 000F38                   _ANSELB 000F39                   _ANSELC 000F3A  
         __CFG_WDTEN$OFF 000000           __CFG_XINST$OFF 000000           __CFG_STVREN$ON 000000  
             __accesstop 0060  __end_of__initialization 7F30            ___rparam_used 000001  
         __pcstackCOMRAM 0001          __CFG_PLLCFG$OFF 000000       __CFG_CCP2MX$PORTC1 000000  
     __CFG_CCP3MX$PORTB5 000000        __CFG_PRICLKEN$OFF 000000          __CFG_PWRTEN$OFF 000000  
                __Hparam 0000                  __Lparam 0000                  __pcinit 7F30  
                __ramtop 0600                  __ptext0 7F36                  main@inx 0002  
   end_of_initialization 7F30                _TRISBbits 000F93                _TRISCbits 000F94  
    start_initialization 7F30                 _LATBbits 000F8A                 _LATCbits 000F8B  
       __CFG_WDTPS$32768 000000                 __Hrparam 0000                 __Lrparam 0000  
     __CFG_BOREN$SBORDIS 000000        __CFG_P2BMX$PORTB5 000000            __size_of_main 00CA  
      __CFG_T3CMX$PORTC0 000000        __CFG_FOSC$INTIO67 000000  
